<?xml version="1.0" encoding="UTF-8"?>
<testng-results ignored="0" total="1" passed="1" failed="0" skipped="0">
  <reporter-output>
  </reporter-output>
  <suite started-at="2024-06-10T20:35:14 IST" name="Suite" finished-at="2024-06-10T20:35:33 IST" duration-ms="19325">
    <groups>
    </groups>
    <test started-at="2024-06-10T20:35:14 IST" name="Test" finished-at="2024-06-10T20:35:33 IST" duration-ms="19325">
      <class name="com.suraj.qkartTest.TestRunner">
        <test-method signature="FirstTest()[pri:0, instance:com.suraj.qkartTest.TestRunner@402bba4f]" started-at="2024-06-10T20:35:14 IST" name="FirstTest" finished-at="2024-06-10T20:35:33 IST" duration-ms="19223" status="PASS">
          <reporter-output>
          </reporter-output>
        </test-method> <!-- FirstTest -->
      </class> <!-- com.suraj.qkartTest.TestRunner -->
    </test> <!-- Test -->
  </suite> <!-- Suite -->
</testng-results>
