<?xml version="1.0" encoding="UTF-8"?>
<testng-results ignored="0" total="1" passed="1" failed="0" skipped="0">
  <reporter-output>
  </reporter-output>
  <suite started-at="2024-06-09T22:03:01 IST" name="Default suite" finished-at="2024-06-09T22:03:28 IST" duration-ms="26387">
    <groups>
    </groups>
    <test started-at="2024-06-09T22:03:01 IST" name="Default test" finished-at="2024-06-09T22:03:28 IST" duration-ms="26387">
      <class name="com.suraj.qkartTest.TestRunner">
        <test-method signature="FirstTest()[pri:0, instance:com.suraj.qkartTest.TestRunner@4562e04d]" started-at="2024-06-09T22:03:01 IST" name="FirstTest" finished-at="2024-06-09T22:03:28 IST" duration-ms="26361" status="PASS">
          <reporter-output>
          </reporter-output>
        </test-method> <!-- FirstTest -->
      </class> <!-- com.suraj.qkartTest.TestRunner -->
    </test> <!-- Default test -->
  </suite> <!-- Default suite -->
</testng-results>
